Arguments: 
  C:\Program Files\nodejs\node.exe C:\Program Files\nodejs\node_modules\yarn\bin\yarn.js

PATH: 
  C:\Program Files\Git\mingw64\bin;C:\Program Files\Git\usr\bin;C:\Users\10475\bin;C:\Windows\system32;C:\Windows;C:\Windows\System32\Wbem;C:\Windows\System32\WindowsPowerShell\v1.0;C:\Windows\System32\OpenSSH;C:\Program Files\NVIDIA Corporation\NVIDIA NvDLISR;C:\Users\10475\AppData\Roaming\nvm;C:\Program Files\nodejs;C:\MinGW\bin;C:\WINDOWS\system32;C:\WINDOWS;C:\WINDOWS\System32\Wbem;C:\WINDOWS\System32\WindowsPowerShell\v1.0;C:\WINDOWS\System32\OpenSSH;C:\Program Files (x86)\NVIDIA Corporation\PhysX\Common;C:\Program Files (x86)\Windows Kits\10\Windows Performance Toolkit;%SystemRoot%\system32;%SystemRoot%;%SystemRoot%\System32\Wbem;%SYSTEMROOT%\System32\WindowsPowerShell\v1.0;%SYSTEMROOT%\System32\OpenSSH;C:\Users\10475\.cargo\bin;C:\Users\10475\AppData\Local\Microsoft\WindowsApps;C:\Users\10475\AppData\Local\Programs\Microsoft VS Code\bin;C:\Users\10475\AppData\Roaming\nvm;C:\Program Files\nodejs;C:\Program Files\deno\bin;E:\GL\bin;C:\Users\10475\AppData\Local\Microsoft\WindowsApps;E:\ownspace\redis

Yarn version: 
  1.22.10

Node version: 
  10.14.0

Platform: 
  win32 x64

Trace: 
  Error: getaddrinfo ENOTFOUND npm-registry.qunhequnhe.com npm-registry.qunhequnhe.com:80
      at GetAddrInfoReqWrap.onlookup [as oncomplete] (dns.js:57:26)

npm manifest: 
  {
    "name": "statemanager",
    "version": "1.0.0",
    "description": "A LightWeight JavaScript State Manager",
    "main": "dist/index.js",
    "types": "dist/index.d.ts",
    "scripts": {
      "test": "echo \"Error: no test specified\" && exit 1",
      "build": "tsc",
      "release": "tsc && npm publish"
    },
    "repository": {
      "type": "git",
      "url": "git+https://github.com/CNlyz/stateManager.git"
    },
    "author": "lyz",
    "license": "ISC",
    "bugs": {
      "url": "https://github.com/CNlyz/stateManager/issues"
    },
    "homepage": "https://github.com/CNlyz/stateManager#readme",
    "devDependencies": {
      "@types/react": "^16.8.0s",
      "react": "^16.8.0",
      "typescript": "^4.2.4"
    }
  }

yarn manifest: 
  No manifest

Lockfile: 
  # THIS IS AN AUTOGENERATED FILE. DO NOT EDIT THIS FILE DIRECTLY.
  # yarn lockfile v1
  
  
  "@types/prop-types@*":
    version "15.7.3"
    resolved "http://npm-registry.qunhequnhe.com/@types/prop-types/download/@types/prop-types-15.7.3.tgz#2ab0d5da2e5815f94b0b9d4b95d1e5f243ab2ca7"
    integrity sha1-KrDV2i5YFflLC51LldHl8kOrLKc=
  
  "@types/react@^16.8.0s":
    version "16.14.2"
    resolved "http://npm-registry.qunhequnhe.com/@types/react/download/@types/react-16.14.2.tgz#85dcc0947d0645349923c04ccef6018a1ab7538c"
    integrity sha1-hdzAlH0GRTSZI8BMzvYBihq3U4w=
    dependencies:
      "@types/prop-types" "*"
      csstype "^3.0.2"
  
  csstype@^3.0.2:
    version "3.0.5"
    resolved "http://npm-registry.qunhequnhe.com/csstype/download/csstype-3.0.5.tgz#7fdec6a28a67ae18647c51668a9ff95bb2fa7bb8"
    integrity sha1-f97GoopnrhhkfFFmip/5W7L6e7g=
  
  "js-tokens@^3.0.0 || ^4.0.0":
    version "4.0.0"
    resolved "http://npm-registry.qunhequnhe.com/js-tokens/download/js-tokens-4.0.0.tgz#19203fb59991df98e3a287050d4647cdeaf32499"
    integrity sha1-GSA/tZmR35jjoocFDUZHzerzJJk=
  
  loose-envify@^1.1.0, loose-envify@^1.4.0:
    version "1.4.0"
    resolved "http://npm-registry.qunhequnhe.com/loose-envify/download/loose-envify-1.4.0.tgz#71ee51fa7be4caec1a63839f7e682d8132d30caf"
    integrity sha1-ce5R+nvkyuwaY4OffmgtgTLTDK8=
    dependencies:
      js-tokens "^3.0.0 || ^4.0.0"
  
  object-assign@^4.1.1:
    version "4.1.1"
    resolved "http://npm-registry.qunhequnhe.com/object-assign/download/object-assign-4.1.1.tgz#2109adc7965887cfc05cbbd442cac8bfbb360863"
    integrity sha1-IQmtx5ZYh8/AXLvUQsrIv7s2CGM=
  
  prop-types@^15.6.2:
    version "15.7.2"
    resolved "http://npm-registry.qunhequnhe.com/prop-types/download/prop-types-15.7.2.tgz#52c41e75b8c87e72b9d9360e0206b99dcbffa6c5"
    integrity sha1-UsQedbjIfnK52TYOAga5ncv/psU=
    dependencies:
      loose-envify "^1.4.0"
      object-assign "^4.1.1"
      react-is "^16.8.1"
  
  react-is@^16.8.1:
    version "16.13.1"
    resolved "http://npm-registry.qunhequnhe.com/react-is/download/react-is-16.13.1.tgz#789729a4dc36de2999dc156dd6c1d9c18cea56a4"
    integrity sha1-eJcppNw23imZ3BVt1sHZwYzqVqQ=
  
  react@^16.8.0:
    version "16.14.0"
    resolved "http://npm-registry.qunhequnhe.com/react/download/react-16.14.0.tgz#94d776ddd0aaa37da3eda8fc5b6b18a4c9a3114d"
    integrity sha1-lNd23dCqo32j7aj8W2sYpMmjEU0=
    dependencies:
      loose-envify "^1.1.0"
      object-assign "^4.1.1"
      prop-types "^15.6.2"
  
  typescript@^3.8.0:
    version "3.9.7"
    resolved "http://npm-registry.qunhequnhe.com/typescript/download/typescript-3.9.7.tgz#98d600a5ebdc38f40cb277522f12dc800e9e25fa"
    integrity sha1-mNYApevcOPQMsndSLxLcgA6eJfo=
